C:\Users\nadin_000\Desktop\Courses\Machine Learning\Project\Implementation_Gender_Classification\Face_Gender_Training_Step2\Face_Gender_Classification\Debug\cl.command.1.tlog
C:\Users\nadin_000\Desktop\Courses\Machine Learning\Project\Implementation_Gender_Classification\Face_Gender_Training_Step2\Face_Gender_Classification\Debug\CL.read.1.tlog
C:\Users\nadin_000\Desktop\Courses\Machine Learning\Project\Implementation_Gender_Classification\Face_Gender_Training_Step2\Face_Gender_Classification\Debug\CL.write.1.tlog
C:\Users\nadin_000\Desktop\Courses\Machine Learning\Project\Implementation_Gender_Classification\Face_Gender_Training_Step2\Face_Gender_Classification\Debug\custombuild.command.1.tlog
C:\Users\nadin_000\Desktop\Courses\Machine Learning\Project\Implementation_Gender_Classification\Face_Gender_Training_Step2\Face_Gender_Classification\Debug\custombuild.read.1.tlog
C:\Users\nadin_000\Desktop\Courses\Machine Learning\Project\Implementation_Gender_Classification\Face_Gender_Training_Step2\Face_Gender_Classification\Debug\custombuild.write.1.tlog
C:\USERS\NADIN_000\DESKTOP\COURSES\MACHINE LEARNING\PROJECT\IMPLEMENTATION_GENDER_CLASSIFICATION\FACE_GENDER_TRAINING_STEP2\FACE_GENDER_CLASSIFICATION\DEBUG\DETAILEDFACEDETECTOR.OBJ
C:\USERS\NADIN_000\DESKTOP\COURSES\MACHINE LEARNING\PROJECT\IMPLEMENTATION_GENDER_CLASSIFICATION\FACE_GENDER_TRAINING_STEP2\FACE_GENDER_CLASSIFICATION\DEBUG\DETECTOR.OBJ
C:\USERS\NADIN_000\DESKTOP\COURSES\MACHINE LEARNING\PROJECT\IMPLEMENTATION_GENDER_CLASSIFICATION\FACE_GENDER_TRAINING_STEP2\FACE_GENDER_CLASSIFICATION\DEBUG\EIGENFACERECOGNIZER.OBJ
C:\USERS\NADIN_000\DESKTOP\COURSES\MACHINE LEARNING\PROJECT\IMPLEMENTATION_GENDER_CLASSIFICATION\FACE_GENDER_TRAINING_STEP2\FACE_GENDER_CLASSIFICATION\DEBUG\FACE.OBJ
C:\USERS\NADIN_000\DESKTOP\COURSES\MACHINE LEARNING\PROJECT\IMPLEMENTATION_GENDER_CLASSIFICATION\FACE_GENDER_TRAINING_STEP2\FACE_GENDER_CLASSIFICATION\DEBUG\FACE_GENDER_CLASSIFICATION.EXE.INTERMEDIATE.MANIFEST
C:\Users\nadin_000\Desktop\Courses\Machine Learning\Project\Implementation_Gender_Classification\Face_Gender_Training_Step2\Face_Gender_Classification\Debug\Face_Gender_Classification.write.1.tlog
C:\USERS\NADIN_000\DESKTOP\COURSES\MACHINE LEARNING\PROJECT\IMPLEMENTATION_GENDER_CLASSIFICATION\FACE_GENDER_TRAINING_STEP2\FACE_GENDER_CLASSIFICATION\DEBUG\FACEDETECTOR.OBJ
C:\USERS\NADIN_000\DESKTOP\COURSES\MACHINE LEARNING\PROJECT\IMPLEMENTATION_GENDER_CLASSIFICATION\FACE_GENDER_TRAINING_STEP2\FACE_GENDER_CLASSIFICATION\DEBUG\FISHERFACESCLASSIFER.OBJ
C:\USERS\NADIN_000\DESKTOP\COURSES\MACHINE LEARNING\PROJECT\IMPLEMENTATION_GENDER_CLASSIFICATION\FACE_GENDER_TRAINING_STEP2\FACE_GENDER_CLASSIFICATION\DEBUG\FRAMECAPTURE.OBJ
C:\USERS\NADIN_000\DESKTOP\COURSES\MACHINE LEARNING\PROJECT\IMPLEMENTATION_GENDER_CLASSIFICATION\FACE_GENDER_TRAINING_STEP2\FACE_GENDER_CLASSIFICATION\DEBUG\GENDERCLASSIFICATION.OBJ
C:\Users\nadin_000\Desktop\Courses\Machine Learning\Project\Implementation_Gender_Classification\Face_Gender_Training_Step2\Face_Gender_Classification\Debug\link.command.1.tlog
C:\Users\nadin_000\Desktop\Courses\Machine Learning\Project\Implementation_Gender_Classification\Face_Gender_Training_Step2\Face_Gender_Classification\Debug\link.read.1.tlog
C:\Users\nadin_000\Desktop\Courses\Machine Learning\Project\Implementation_Gender_Classification\Face_Gender_Training_Step2\Face_Gender_Classification\Debug\link.write.1.tlog
C:\USERS\NADIN_000\DESKTOP\COURSES\MACHINE LEARNING\PROJECT\IMPLEMENTATION_GENDER_CLASSIFICATION\FACE_GENDER_TRAINING_STEP2\FACE_GENDER_CLASSIFICATION\DEBUG\LOGGER.OBJ
C:\USERS\NADIN_000\DESKTOP\COURSES\MACHINE LEARNING\PROJECT\IMPLEMENTATION_GENDER_CLASSIFICATION\FACE_GENDER_TRAINING_STEP2\FACE_GENDER_CLASSIFICATION\DEBUG\MAIN.OBJ
C:\USERS\NADIN_000\DESKTOP\COURSES\MACHINE LEARNING\PROJECT\IMPLEMENTATION_GENDER_CLASSIFICATION\FACE_GENDER_TRAINING_STEP2\FACE_GENDER_CLASSIFICATION\DEBUG\MOC_GENDERCLASSIFICATION.OBJ
C:\USERS\NADIN_000\DESKTOP\COURSES\MACHINE LEARNING\PROJECT\IMPLEMENTATION_GENDER_CLASSIFICATION\FACE_GENDER_TRAINING_STEP2\FACE_GENDER_CLASSIFICATION\DEBUG\MOC_WEBCAMWIDGET.OBJ
C:\Users\nadin_000\Desktop\Courses\Machine Learning\Project\Implementation_Gender_Classification\Face_Gender_Training_Step2\Face_Gender_Classification\Debug\mt.command.1.tlog
C:\Users\nadin_000\Desktop\Courses\Machine Learning\Project\Implementation_Gender_Classification\Face_Gender_Training_Step2\Face_Gender_Classification\Debug\mt.read.1.tlog
C:\Users\nadin_000\Desktop\Courses\Machine Learning\Project\Implementation_Gender_Classification\Face_Gender_Training_Step2\Face_Gender_Classification\Debug\mt.write.1.tlog
C:\USERS\NADIN_000\DESKTOP\COURSES\MACHINE LEARNING\PROJECT\IMPLEMENTATION_GENDER_CLASSIFICATION\FACE_GENDER_TRAINING_STEP2\FACE_GENDER_CLASSIFICATION\DEBUG\QRC_GENDER_CLASSIFICATION.OBJ
C:\USERS\NADIN_000\DESKTOP\COURSES\MACHINE LEARNING\PROJECT\IMPLEMENTATION_GENDER_CLASSIFICATION\FACE_GENDER_TRAINING_STEP2\FACE_GENDER_CLASSIFICATION\DEBUG\TRAINERIMAGE.OBJ
C:\USERS\NADIN_000\DESKTOP\COURSES\MACHINE LEARNING\PROJECT\IMPLEMENTATION_GENDER_CLASSIFICATION\FACE_GENDER_TRAINING_STEP2\FACE_GENDER_CLASSIFICATION\DEBUG\VC100.PDB
C:\USERS\NADIN_000\DESKTOP\COURSES\MACHINE LEARNING\PROJECT\IMPLEMENTATION_GENDER_CLASSIFICATION\FACE_GENDER_TRAINING_STEP2\FACE_GENDER_CLASSIFICATION\DEBUG\WEBCAMWIDGET.OBJ
C:\USERS\NADIN_000\DESKTOP\COURSES\MACHINE LEARNING\PROJECT\IMPLEMENTATION_GENDER_CLASSIFICATION\FACE_GENDER_TRAINING_STEP2\FACE_GENDER_CLASSIFICATION\GENERATEDFILES\DEBUG\MOC_GENDERCLASSIFICATION.CPP
C:\USERS\NADIN_000\DESKTOP\COURSES\MACHINE LEARNING\PROJECT\IMPLEMENTATION_GENDER_CLASSIFICATION\FACE_GENDER_TRAINING_STEP2\FACE_GENDER_CLASSIFICATION\GENERATEDFILES\DEBUG\MOC_WEBCAMWIDGET.CPP
C:\USERS\NADIN_000\DESKTOP\COURSES\MACHINE LEARNING\PROJECT\IMPLEMENTATION_GENDER_CLASSIFICATION\FACE_GENDER_TRAINING_STEP2\FACE_GENDER_CLASSIFICATION\GENERATEDFILES\QRC_GENDER_CLASSIFICATION.CPP
C:\USERS\NADIN_000\DESKTOP\COURSES\MACHINE LEARNING\PROJECT\IMPLEMENTATION_GENDER_CLASSIFICATION\FACE_GENDER_TRAINING_STEP2\FACE_GENDER_CLASSIFICATION\GENERATEDFILES\UI_GENDERCLASSIFICATION.H
C:\USERS\NADIN_000\DESKTOP\COURSES\MACHINE LEARNING\PROJECT\IMPLEMENTATION_GENDER_CLASSIFICATION\FACE_GENDER_TRAINING_STEP2\FACE_GENDER_CLASSIFICATION\WIN32\DEBUG\FACE_GENDER_CLASSIFICATION.EXE
C:\USERS\NADIN_000\DESKTOP\COURSES\MACHINE LEARNING\PROJECT\IMPLEMENTATION_GENDER_CLASSIFICATION\FACE_GENDER_TRAINING_STEP2\FACE_GENDER_CLASSIFICATION\WIN32\DEBUG\FACE_GENDER_CLASSIFICATION.ILK
C:\USERS\NADIN_000\DESKTOP\COURSES\MACHINE LEARNING\PROJECT\IMPLEMENTATION_GENDER_CLASSIFICATION\FACE_GENDER_TRAINING_STEP2\FACE_GENDER_CLASSIFICATION\WIN32\DEBUG\FACE_GENDER_CLASSIFICATION.PDB
