C:\USERS\NADIN_000\DESKTOP\COURSES\MACHINE LEARNING\PROJECT\IMPLEMENTATION_GENDER_CLASSIFICATION\FACE_GENDER_LINEAR CLASSIFICATION_FINAL-CLEAN_UP\FACE_GENDER_CLASSIFICATION\GENERATEDFILES\QRC_GENDER_CLASSIFICATION.CPP
C:\USERS\NADIN_000\DESKTOP\COURSES\MACHINE LEARNING\PROJECT\IMPLEMENTATION_GENDER_CLASSIFICATION\FACE_GENDER_LINEAR CLASSIFICATION_FINAL-CLEAN_UP\FACE_GENDER_CLASSIFICATION\GENERATEDFILES\RELEASE\MOC_GENDERCLASSIFICATION.CPP
C:\USERS\NADIN_000\DESKTOP\COURSES\MACHINE LEARNING\PROJECT\IMPLEMENTATION_GENDER_CLASSIFICATION\FACE_GENDER_LINEAR CLASSIFICATION_FINAL-CLEAN_UP\FACE_GENDER_CLASSIFICATION\GENERATEDFILES\RELEASE\MOC_VIRTUAL_FACE.CPP
C:\USERS\NADIN_000\DESKTOP\COURSES\MACHINE LEARNING\PROJECT\IMPLEMENTATION_GENDER_CLASSIFICATION\FACE_GENDER_LINEAR CLASSIFICATION_FINAL-CLEAN_UP\FACE_GENDER_CLASSIFICATION\GENERATEDFILES\RELEASE\MOC_WEBCAMWIDGET.CPP
C:\USERS\NADIN_000\DESKTOP\COURSES\MACHINE LEARNING\PROJECT\IMPLEMENTATION_GENDER_CLASSIFICATION\FACE_GENDER_LINEAR CLASSIFICATION_FINAL-CLEAN_UP\FACE_GENDER_CLASSIFICATION\GENERATEDFILES\UI_GENDERCLASSIFICATION.H
C:\USERS\NADIN_000\DESKTOP\COURSES\MACHINE LEARNING\PROJECT\IMPLEMENTATION_GENDER_CLASSIFICATION\FACE_GENDER_LINEAR CLASSIFICATION_FINAL-CLEAN_UP\FACE_GENDER_CLASSIFICATION\GENERATEDFILES\UI_VIRTUAL_FACE.H
C:\Users\nadin_000\Desktop\Courses\Machine Learning\Project\Implementation_Gender_Classification\Face_Gender_Linear Classification_Final-clean_up\Face_Gender_Classification\Release\cl.command.1.tlog
C:\Users\nadin_000\Desktop\Courses\Machine Learning\Project\Implementation_Gender_Classification\Face_Gender_Linear Classification_Final-clean_up\Face_Gender_Classification\Release\CL.read.1.tlog
C:\Users\nadin_000\Desktop\Courses\Machine Learning\Project\Implementation_Gender_Classification\Face_Gender_Linear Classification_Final-clean_up\Face_Gender_Classification\Release\CL.write.1.tlog
C:\Users\nadin_000\Desktop\Courses\Machine Learning\Project\Implementation_Gender_Classification\Face_Gender_Linear Classification_Final-clean_up\Face_Gender_Classification\Release\custombuild.command.1.tlog
C:\Users\nadin_000\Desktop\Courses\Machine Learning\Project\Implementation_Gender_Classification\Face_Gender_Linear Classification_Final-clean_up\Face_Gender_Classification\Release\custombuild.read.1.tlog
C:\Users\nadin_000\Desktop\Courses\Machine Learning\Project\Implementation_Gender_Classification\Face_Gender_Linear Classification_Final-clean_up\Face_Gender_Classification\Release\custombuild.write.1.tlog
C:\USERS\NADIN_000\DESKTOP\COURSES\MACHINE LEARNING\PROJECT\IMPLEMENTATION_GENDER_CLASSIFICATION\FACE_GENDER_LINEAR CLASSIFICATION_FINAL-CLEAN_UP\FACE_GENDER_CLASSIFICATION\RELEASE\DETAILEDFACEDETECTOR.OBJ
C:\USERS\NADIN_000\DESKTOP\COURSES\MACHINE LEARNING\PROJECT\IMPLEMENTATION_GENDER_CLASSIFICATION\FACE_GENDER_LINEAR CLASSIFICATION_FINAL-CLEAN_UP\FACE_GENDER_CLASSIFICATION\RELEASE\DETECTOR.OBJ
C:\USERS\NADIN_000\DESKTOP\COURSES\MACHINE LEARNING\PROJECT\IMPLEMENTATION_GENDER_CLASSIFICATION\FACE_GENDER_LINEAR CLASSIFICATION_FINAL-CLEAN_UP\FACE_GENDER_CLASSIFICATION\RELEASE\FACE_GENDER_CLASSIFICATION.EXE.INTERMEDIATE.MANIFEST
C:\Users\nadin_000\Desktop\Courses\Machine Learning\Project\Implementation_Gender_Classification\Face_Gender_Linear Classification_Final-clean_up\Face_Gender_Classification\Release\Face_Gender_Classification.write.1.tlog
C:\USERS\NADIN_000\DESKTOP\COURSES\MACHINE LEARNING\PROJECT\IMPLEMENTATION_GENDER_CLASSIFICATION\FACE_GENDER_LINEAR CLASSIFICATION_FINAL-CLEAN_UP\FACE_GENDER_CLASSIFICATION\RELEASE\FACEDETECTOR.OBJ
C:\USERS\NADIN_000\DESKTOP\COURSES\MACHINE LEARNING\PROJECT\IMPLEMENTATION_GENDER_CLASSIFICATION\FACE_GENDER_LINEAR CLASSIFICATION_FINAL-CLEAN_UP\FACE_GENDER_CLASSIFICATION\RELEASE\FISHERFACESCLASSIFER.OBJ
C:\USERS\NADIN_000\DESKTOP\COURSES\MACHINE LEARNING\PROJECT\IMPLEMENTATION_GENDER_CLASSIFICATION\FACE_GENDER_LINEAR CLASSIFICATION_FINAL-CLEAN_UP\FACE_GENDER_CLASSIFICATION\RELEASE\FRAMECAPTURE.OBJ
C:\USERS\NADIN_000\DESKTOP\COURSES\MACHINE LEARNING\PROJECT\IMPLEMENTATION_GENDER_CLASSIFICATION\FACE_GENDER_LINEAR CLASSIFICATION_FINAL-CLEAN_UP\FACE_GENDER_CLASSIFICATION\RELEASE\GENDERCLASSIFICATION.OBJ
C:\Users\nadin_000\Desktop\Courses\Machine Learning\Project\Implementation_Gender_Classification\Face_Gender_Linear Classification_Final-clean_up\Face_Gender_Classification\Release\link.command.1.tlog
C:\Users\nadin_000\Desktop\Courses\Machine Learning\Project\Implementation_Gender_Classification\Face_Gender_Linear Classification_Final-clean_up\Face_Gender_Classification\Release\link.read.1.tlog
C:\Users\nadin_000\Desktop\Courses\Machine Learning\Project\Implementation_Gender_Classification\Face_Gender_Linear Classification_Final-clean_up\Face_Gender_Classification\Release\link.write.1.tlog
C:\USERS\NADIN_000\DESKTOP\COURSES\MACHINE LEARNING\PROJECT\IMPLEMENTATION_GENDER_CLASSIFICATION\FACE_GENDER_LINEAR CLASSIFICATION_FINAL-CLEAN_UP\FACE_GENDER_CLASSIFICATION\RELEASE\LOGGER.OBJ
C:\USERS\NADIN_000\DESKTOP\COURSES\MACHINE LEARNING\PROJECT\IMPLEMENTATION_GENDER_CLASSIFICATION\FACE_GENDER_LINEAR CLASSIFICATION_FINAL-CLEAN_UP\FACE_GENDER_CLASSIFICATION\RELEASE\MAIN.OBJ
C:\USERS\NADIN_000\DESKTOP\COURSES\MACHINE LEARNING\PROJECT\IMPLEMENTATION_GENDER_CLASSIFICATION\FACE_GENDER_LINEAR CLASSIFICATION_FINAL-CLEAN_UP\FACE_GENDER_CLASSIFICATION\RELEASE\MOC_GENDERCLASSIFICATION.OBJ
C:\USERS\NADIN_000\DESKTOP\COURSES\MACHINE LEARNING\PROJECT\IMPLEMENTATION_GENDER_CLASSIFICATION\FACE_GENDER_LINEAR CLASSIFICATION_FINAL-CLEAN_UP\FACE_GENDER_CLASSIFICATION\RELEASE\MOC_VIRTUAL_FACE.OBJ
C:\USERS\NADIN_000\DESKTOP\COURSES\MACHINE LEARNING\PROJECT\IMPLEMENTATION_GENDER_CLASSIFICATION\FACE_GENDER_LINEAR CLASSIFICATION_FINAL-CLEAN_UP\FACE_GENDER_CLASSIFICATION\RELEASE\MOC_WEBCAMWIDGET.OBJ
C:\Users\nadin_000\Desktop\Courses\Machine Learning\Project\Implementation_Gender_Classification\Face_Gender_Linear Classification_Final-clean_up\Face_Gender_Classification\Release\mt.command.1.tlog
C:\Users\nadin_000\Desktop\Courses\Machine Learning\Project\Implementation_Gender_Classification\Face_Gender_Linear Classification_Final-clean_up\Face_Gender_Classification\Release\mt.read.1.tlog
C:\Users\nadin_000\Desktop\Courses\Machine Learning\Project\Implementation_Gender_Classification\Face_Gender_Linear Classification_Final-clean_up\Face_Gender_Classification\Release\mt.write.1.tlog
C:\USERS\NADIN_000\DESKTOP\COURSES\MACHINE LEARNING\PROJECT\IMPLEMENTATION_GENDER_CLASSIFICATION\FACE_GENDER_LINEAR CLASSIFICATION_FINAL-CLEAN_UP\FACE_GENDER_CLASSIFICATION\RELEASE\QRC_GENDER_CLASSIFICATION.OBJ
C:\USERS\NADIN_000\DESKTOP\COURSES\MACHINE LEARNING\PROJECT\IMPLEMENTATION_GENDER_CLASSIFICATION\FACE_GENDER_LINEAR CLASSIFICATION_FINAL-CLEAN_UP\FACE_GENDER_CLASSIFICATION\RELEASE\TRAINERIMAGE.OBJ
C:\USERS\NADIN_000\DESKTOP\COURSES\MACHINE LEARNING\PROJECT\IMPLEMENTATION_GENDER_CLASSIFICATION\FACE_GENDER_LINEAR CLASSIFICATION_FINAL-CLEAN_UP\FACE_GENDER_CLASSIFICATION\RELEASE\VIRTUAL_FACE.OBJ
C:\USERS\NADIN_000\DESKTOP\COURSES\MACHINE LEARNING\PROJECT\IMPLEMENTATION_GENDER_CLASSIFICATION\FACE_GENDER_LINEAR CLASSIFICATION_FINAL-CLEAN_UP\FACE_GENDER_CLASSIFICATION\RELEASE\WEBCAMWIDGET.OBJ
C:\USERS\NADIN_000\DESKTOP\COURSES\MACHINE LEARNING\PROJECT\IMPLEMENTATION_GENDER_CLASSIFICATION\FACE_GENDER_LINEAR CLASSIFICATION_FINAL-CLEAN_UP\FACE_GENDER_CLASSIFICATION\WIN32\RELEASE\FACE_GENDER_CLASSIFICATION.EXE
